<?xml version="1.0" encoding="UTF-8"?>
<robot generator="Robot 6.1.1 (Python 3.9.1 on win32)" generated="20231030 19:14:09.282" rpa="false" schemaversion="4">
<suite id="s1" name="Greencart Testes" source="d:\VerVal\BDD-GreenCart\greencart_testes.robot">
<test id="s1-t1" name="Caso de Teste 01 - Cadastro Produtor sem email" line="9">
<kw name="Abrir o navegador" library="greencart_resources" type="SETUP">
<kw name="Open Browser" library="SeleniumLibrary">
<arg>browser=${BROWSER}</arg>
<doc>Opens a new browser instance to the optional ``url``.</doc>
<msg timestamp="20231030 19:14:09.547" level="INFO">Opening browser 'chrome' to base url 'None'.</msg>
<status status="PASS" starttime="20231030 19:14:09.547" endtime="20231030 19:14:11.395"/>
</kw>
<kw name="Maximize Browser Window" library="SeleniumLibrary">
<doc>Maximizes current browser window.</doc>
<status status="PASS" starttime="20231030 19:14:11.397" endtime="20231030 19:14:11.545"/>
</kw>
<status status="PASS" starttime="20231030 19:14:09.546" endtime="20231030 19:14:11.545"/>
</kw>
<kw name="Given o usuario acessa a home page do site GreenCart" library="greencart_resources">
<kw name="Go To" library="SeleniumLibrary">
<arg>url=${URL}</arg>
<doc>Navigates the current browser window to the provided ``url``.</doc>
<msg timestamp="20231030 19:14:11.547" level="INFO">Opening url 'http://localhost/GreenCartGit/GreenCart/Login_test.php'</msg>
<status status="PASS" starttime="20231030 19:14:11.547" endtime="20231030 19:14:11.944"/>
</kw>
<status status="PASS" starttime="20231030 19:14:11.546" endtime="20231030 19:14:11.945"/>
</kw>
<kw name="When Clicar no cadastro produtor" library="greencart_resources">
<kw name="Click Element" library="SeleniumLibrary">
<arg>css:a[href="Cadastro_produtor.php"]</arg>
<doc>Click the element identified by ``locator``.</doc>
<msg timestamp="20231030 19:14:11.947" level="INFO">Clicking element 'css:a[href="Cadastro_produtor.php"]'.</msg>
<status status="PASS" starttime="20231030 19:14:11.946" endtime="20231030 19:14:12.240"/>
</kw>
<status status="PASS" starttime="20231030 19:14:11.946" endtime="20231030 19:14:12.240"/>
</kw>
<kw name="And Preencher informacoes produtor com nome empresa &quot;Wagner E Co&quot; , email &quot;&quot;,telefone &quot;4192882882&quot; ,cnpj &quot;77223303000106&quot; , senha &quot;Wagner@123&quot; ,senha confirmacao &quot;Wagner@123&quot;,insta &quot;Wagner123&quot;" library="greencart_resources" sourcename="Preencher informacoes produtor com nome empresa &quot;${nome_empresa}&quot; , email &quot;${email}&quot;,telefone &quot;${number}&quot; ,cnpj &quot;${CNPJ}&quot; , senha &quot;${password}&quot; ,senha confirmacao &quot;${confirmPassword}&quot;,insta &quot;${instagram_prod}&quot;">
<kw name="Input Text" library="SeleniumLibrary">
<arg>locator=nome_empresa</arg>
<arg>text= ${nome_empresa}</arg>
<doc>Types the given ``text`` into the text field identified by ``locator``.</doc>
<msg timestamp="20231030 19:14:12.244" level="INFO">Typing text ' Wagner E Co' into text field 'nome_empresa'.</msg>
<status status="PASS" starttime="20231030 19:14:12.242" endtime="20231030 19:14:12.383"/>
</kw>
<kw name="Input Text" library="SeleniumLibrary">
<arg>locator=email</arg>
<arg>text=${email}</arg>
<doc>Types the given ``text`` into the text field identified by ``locator``.</doc>
<msg timestamp="20231030 19:14:12.385" level="INFO">Typing text '' into text field 'email'.</msg>
<status status="PASS" starttime="20231030 19:14:12.384" endtime="20231030 19:14:12.488"/>
</kw>
<kw name="Input Text" library="SeleniumLibrary">
<arg>locator=number</arg>
<arg>text=${number}</arg>
<doc>Types the given ``text`` into the text field identified by ``locator``.</doc>
<msg timestamp="20231030 19:14:12.489" level="INFO">Typing text '4192882882' into text field 'number'.</msg>
<status status="PASS" starttime="20231030 19:14:12.488" endtime="20231030 19:14:12.658"/>
</kw>
<kw name="Input Text" library="SeleniumLibrary">
<arg>locator=CNPJ</arg>
<arg>text=${CNPJ}</arg>
<doc>Types the given ``text`` into the text field identified by ``locator``.</doc>
<msg timestamp="20231030 19:14:12.660" level="INFO">Typing text '77223303000106' into text field 'CNPJ'.</msg>
<status status="PASS" starttime="20231030 19:14:12.659" endtime="20231030 19:14:12.824"/>
</kw>
<kw name="Input Text" library="SeleniumLibrary">
<arg>locator=password</arg>
<arg>text=${password}</arg>
<doc>Types the given ``text`` into the text field identified by ``locator``.</doc>
<msg timestamp="20231030 19:14:12.825" level="INFO">Typing text 'Wagner@123' into text field 'password'.</msg>
<status status="PASS" starttime="20231030 19:14:12.824" endtime="20231030 19:14:12.945"/>
</kw>
<kw name="Input Text" library="SeleniumLibrary">
<arg>locator=confirmPassword</arg>
<arg>text=${confirmPassword}</arg>
<doc>Types the given ``text`` into the text field identified by ``locator``.</doc>
<msg timestamp="20231030 19:14:12.947" level="INFO">Typing text 'Wagner@123' into text field 'confirmPassword'.</msg>
<status status="PASS" starttime="20231030 19:14:12.946" endtime="20231030 19:14:13.055"/>
</kw>
<kw name="Input Text" library="SeleniumLibrary">
<arg>locator=instagram_prod</arg>
<arg>text=${instagram_prod}</arg>
<doc>Types the given ``text`` into the text field identified by ``locator``.</doc>
<msg timestamp="20231030 19:14:13.056" level="INFO">Typing text 'Wagner123' into text field 'instagram_prod'.</msg>
<status status="PASS" starttime="20231030 19:14:13.055" endtime="20231030 19:14:13.155"/>
</kw>
<kw name="Submit Form" library="SeleniumLibrary">
<doc>Submits a form identified by ``locator``.</doc>
<msg timestamp="20231030 19:14:13.156" level="INFO">Submitting form 'None'.</msg>
<status status="PASS" starttime="20231030 19:14:13.155" endtime="20231030 19:14:13.199"/>
</kw>
<status status="PASS" starttime="20231030 19:14:12.241" endtime="20231030 19:14:13.199"/>
</kw>
<kw name="Then mensagem de erro deve estar presente no campo email" library="greencart_resources">
<kw name="Location Should Be" library="SeleniumLibrary">
<arg>http://localhost/GreenCartGit/GreenCart/Cadastro_produtor.php</arg>
<doc>Verifies that the current URL is exactly ``url``.</doc>
<msg timestamp="20231030 19:14:13.231" level="INFO">Current location is 'http://localhost/GreenCartGit/GreenCart/Cadastro_produtor.php'.</msg>
<status status="PASS" starttime="20231030 19:14:13.201" endtime="20231030 19:14:13.231"/>
</kw>
<kw name="Element Should Be Visible" library="SeleniumLibrary">
<arg>locator=error-email</arg>
<doc>Verifies that the element identified by ``locator`` is visible.</doc>
<msg timestamp="20231030 19:14:13.266" level="INFO">Element 'error-email' is displayed.</msg>
<status status="PASS" starttime="20231030 19:14:13.231" endtime="20231030 19:14:13.267"/>
</kw>
<status status="PASS" starttime="20231030 19:14:13.200" endtime="20231030 19:14:13.267"/>
</kw>
<kw name="Fechar o navegador" library="greencart_resources" type="TEARDOWN">
<kw name="Capture Page Screenshot" library="SeleniumLibrary">
<doc>Takes a screenshot of the current page and embeds it into a log file.</doc>
<msg timestamp="20231030 19:14:13.506" level="INFO" html="true">&lt;/td&gt;&lt;/tr&gt;&lt;tr&gt;&lt;td colspan="3"&gt;&lt;a href="selenium-screenshot-15.png"&gt;&lt;img src="selenium-screenshot-15.png" width="800px"&gt;&lt;/a&gt;</msg>
<status status="PASS" starttime="20231030 19:14:13.270" endtime="20231030 19:14:13.506"/>
</kw>
<kw name="Close Browser" library="SeleniumLibrary">
<doc>Closes the current browser.</doc>
<status status="PASS" starttime="20231030 19:14:13.506" endtime="20231030 19:14:15.675"/>
</kw>
<status status="PASS" starttime="20231030 19:14:13.269" endtime="20231030 19:14:15.675"/>
</kw>
<doc>Verifica que o sistema mostra uma mensagem de erro na caixa de email e nao deixa o usuario se cadastrar</doc>
<status status="PASS" starttime="20231030 19:14:09.545" endtime="20231030 19:14:15.676"/>
</test>
<doc>Essa suíte testa o site da GreenCart</doc>
<status status="PASS" starttime="20231030 19:14:09.288" endtime="20231030 19:14:15.678"/>
</suite>
<statistics>
<total>
<stat pass="1" fail="0" skip="0">All Tests</stat>
</total>
<tag>
</tag>
<suite>
<stat pass="1" fail="0" skip="0" id="s1" name="Greencart Testes">Greencart Testes</stat>
</suite>
</statistics>
<errors>
</errors>
</robot>
